<?xml version="1.0" encoding="UTF-8"?>
<!-- Generated by org.testng.reporters.JUnitReportReporter -->
<testsuite skipped="0" hostname="vandana-PC" name="com.sdw.qa.tests.First" tests="1" failures="0" timestamp="14 Sep 2021 10:23:35 GMT" time="0.045" errors="0">
  <testcase name="m2" time="0.045" classname="com.sdw.qa.tests.First"/>
</testsuite> <!-- com.sdw.qa.tests.First -->
